This is pdfTeX, Version 3.14159265-2.6-1.40.20 (TeX Live 2019/Debian) (preloaded format=pdflatex 2023.5.31)  2 DEC 2023 20:37
entering extended mode
 restricted \write18 enabled.
 %&-line parsing enabled.
**List_of_publications.tex
(./List_of_publications.tex
LaTeX2e <2020-02-02> patch level 2
L3 programming layer <2020-02-14>
(/usr/share/texlive/texmf-dist/tex/latex/base/article.cls
Document Class: article 2019/12/20 v1.4l Standard LaTeX document class
(/usr/share/texlive/texmf-dist/tex/latex/base/size10.clo
File: size10.clo 2019/12/20 v1.4l Standard LaTeX file (size option)
)
\c@part=\count167
\c@section=\count168
\c@subsection=\count169
\c@subsubsection=\count170
\c@paragraph=\count171
\c@subparagraph=\count172
\c@figure=\count173
\c@table=\count174
\abovecaptionskip=\skip47
\belowcaptionskip=\skip48
\bibindent=\dimen134
)
(/usr/share/texlive/texmf-dist/tex/latex/base/inputenc.sty
Package: inputenc 2018/08/11 v1.3c Input encoding file
\inpenc@prehook=\toks14
\inpenc@posthook=\toks15
)
(/usr/share/texlive/texmf-dist/tex/latex/enumitem/enumitem.sty
Package: enumitem 2019/06/20 v3.9 Customized lists
\enitkv@toks@=\toks16
\labelindent=\skip49
\enit@outerparindent=\dimen135
\enit@toks=\toks17
\enit@inbox=\box45
\enit@count@id=\count175
\enitdp@description=\count176
)
(/usr/share/texlive/texmf-dist/tex/latex/l3backend/l3backend-pdfmode.def
File: l3backend-pdfmode.def 2020-02-03 L3 backend support: PDF mode
\l__kernel_color_stack_int=\count177
\l__pdf_internal_box=\box46
)
(./List_of_publications.aux)
\openout1 = `List_of_publications.aux'.

LaTeX Font Info:    Checking defaults for OML/cmm/m/it on input line 9.
LaTeX Font Info:    ... okay on input line 9.
LaTeX Font Info:    Checking defaults for OMS/cmsy/m/n on input line 9.
LaTeX Font Info:    ... okay on input line 9.
LaTeX Font Info:    Checking defaults for OT1/cmr/m/n on input line 9.
LaTeX Font Info:    ... okay on input line 9.
LaTeX Font Info:    Checking defaults for T1/cmr/m/n on input line 9.
LaTeX Font Info:    ... okay on input line 9.
LaTeX Font Info:    Checking defaults for TS1/cmr/m/n on input line 9.
LaTeX Font Info:    ... okay on input line 9.
LaTeX Font Info:    Checking defaults for OMX/cmex/m/n on input line 9.
LaTeX Font Info:    ... okay on input line 9.
LaTeX Font Info:    Checking defaults for U/cmr/m/n on input line 9.
LaTeX Font Info:    ... okay on input line 9.
LaTeX Font Info:    External font `cmex10' loaded for size
(Font)              <12> on input line 11.
LaTeX Font Info:    External font `cmex10' loaded for size
(Font)              <8> on input line 11.
LaTeX Font Info:    External font `cmex10' loaded for size
(Font)              <6> on input line 11.

Overfull \hbox (4.81844pt too wide) in paragraph at lines 17--19
[]\OT1/cmr/bx/n/10 Yarib Nevarez\OT1/cmr/m/n/10 , David Roter-mund, Klaus R Paw
elzik, and Al-berto Garcia-
 []


Overfull \hbox (9.3527pt too wide) in paragraph at lines 26--28
\OT1/cmr/m/n/10 CAST), Bre-men, 2020, pp. 1--5, doi: 10.1109/MO-CAST49295.2020.
9200288. 
 []


Overfull \hbox (48.575pt too wide) in paragraph at lines 32--34
\OT1/cmr/m/n/10 gies (MO-CAST), Bre-men, 2022, pp. 1--5, doi: 10.1109/MO-CAST49
295.2020.9200288. 
 []


Overfull \hbox (61.74173pt too wide) in paragraph at lines 35--37
\OT1/cmr/m/n/10 on-Chip (MC-SoC), Malaysia, 2022, pp. 239--246, doi: 10.1109/MC
-SoC57363.2022.00070. 
 []

[1

{/var/lib/texmf/fonts/map/pdftex/updmap/pdftex.map}]
Overfull \hbox (71.9084pt too wide) in paragraph at lines 38--39
\OT1/cmr/m/n/10 nolo-gies (MO-CAST), Bre-men, 2023, pp. 1--5, doi: 10.1109/MO-C
AST57943.2023.10176952. 
 []

[2] (./List_of_publications.aux) ) 
Here is how much of TeX's memory you used:
 732 strings out of 481239
 12328 string characters out of 5920377
 247055 words of memory out of 5000000
 16063 multiletter control sequences out of 15000+600000
 535988 words of font info for 36 fonts, out of 8000000 for 9000
 1141 hyphenation exceptions out of 8191
 25i,4n,20p,425b,225s stack positions out of 5000i,500n,10000p,200000b,80000s
</usr/share/texlive/texmf-dist/fonts/type1/pu
blic/amsfonts/cm/cmbx10.pfb></usr/share/texlive/texmf-dist/fonts/type1/public/a
msfonts/cm/cmbx12.pfb></usr/share/texlive/texmf-dist/fonts/type1/public/amsfont
s/cm/cmr10.pfb></usr/share/texlive/texmf-dist/fonts/type1/public/amsfonts/cm/cm
r12.pfb></usr/share/texlive/texmf-dist/fonts/type1/public/amsfonts/cm/cmr17.pfb
>
Output written on List_of_publications.pdf (2 pages, 67051 bytes).
PDF statistics:
 31 PDF objects out of 1000 (max. 8388607)
 21 compressed objects within 1 object stream
 0 named destinations out of 1000 (max. 500000)
 1 words of extra memory for PDF output out of 10000 (max. 10000000)

