This is pdfTeX, Version 3.14159265-2.6-1.40.18 (TeX Live 2017/Debian) (preloaded format=pdflatex 2020.8.18)  11 MAR 2021 05:51
entering extended mode
 restricted \write18 enabled.
 %&-line parsing enabled.
**main.tex
(./main.tex
LaTeX2e <2017-04-15>
Babel <3.18> and hyphenation patterns for 84 language(s) loaded.
(/usr/share/texlive/texmf-dist/tex/latex/base/article.cls
Document Class: article 2014/09/29 v1.4h Standard LaTeX document class
(/usr/share/texlive/texmf-dist/tex/latex/base/size12.clo
File: size12.clo 2014/09/29 v1.4h Standard LaTeX file (size option)
)
\c@part=\count79
\c@section=\count80
\c@subsection=\count81
\c@subsubsection=\count82
\c@paragraph=\count83
\c@subparagraph=\count84
\c@figure=\count85
\c@table=\count86
\abovecaptionskip=\skip41
\belowcaptionskip=\skip42
\bibindent=\dimen102
)
(/usr/share/texlive/texmf-dist/tex/latex/fancyhdr/fancyhdr.sty
Package: fancyhdr 2017/06/30 v3.9a Extensive control of page headers and footer
s
\f@nch@headwidth=\skip43
\f@nch@O@elh=\skip44
\f@nch@O@erh=\skip45
\f@nch@O@olh=\skip46
\f@nch@O@orh=\skip47
\f@nch@O@elf=\skip48
\f@nch@O@erf=\skip49
\f@nch@O@olf=\skip50
\f@nch@O@orf=\skip51
)
(/usr/share/texlive/texmf-dist/tex/latex/xcolor/xcolor.sty
Package: xcolor 2016/05/11 v2.12 LaTeX color extensions (UK)

(/usr/share/texlive/texmf-dist/tex/latex/graphics-cfg/color.cfg
File: color.cfg 2016/01/02 v1.6 sample color configuration
)
Package xcolor Info: Driver file: pdftex.def on input line 225.

(/usr/share/texlive/texmf-dist/tex/latex/graphics-def/pdftex.def
File: pdftex.def 2018/01/08 v1.0l Graphics/color driver for pdftex
)
(/usr/share/texlive/texmf-dist/tex/latex/colortbl/colortbl.sty
Package: colortbl 2012/02/13 v1.0a Color table columns (DPC)

(/usr/share/texlive/texmf-dist/tex/latex/tools/array.sty
Package: array 2016/10/06 v2.4d Tabular extension package (FMi)
\col@sep=\dimen103
\extrarowheight=\dimen104
\NC@list=\toks14
\extratabsurround=\skip52
\backup@length=\skip53
)
\everycr=\toks15
\minrowclearance=\skip54
)
\rownum=\count87
Package xcolor Info: Model `cmy' substituted by `cmy0' on input line 1348.
Package xcolor Info: Model `hsb' substituted by `rgb' on input line 1352.
Package xcolor Info: Model `RGB' extended on input line 1364.
Package xcolor Info: Model `HTML' substituted by `rgb' on input line 1366.
Package xcolor Info: Model `Hsb' substituted by `hsb' on input line 1367.
Package xcolor Info: Model `tHsb' substituted by `hsb' on input line 1368.
Package xcolor Info: Model `HSB' substituted by `hsb' on input line 1369.
Package xcolor Info: Model `Gray' substituted by `gray' on input line 1370.
Package xcolor Info: Model `wave' substituted by `hsb' on input line 1371.
)
(/usr/share/texlive/texmf-dist/tex/latex/setspace/setspace.sty
Package: setspace 2011/12/19 v6.7a set line spacing
)
(/usr/share/texlive/texmf-dist/tex/latex/graphics/graphicx.sty
Package: graphicx 2017/06/01 v1.1a Enhanced LaTeX Graphics (DPC,SPQR)

(/usr/share/texlive/texmf-dist/tex/latex/graphics/keyval.sty
Package: keyval 2014/10/28 v1.15 key=value parser (DPC)
\KV@toks@=\toks16
)
(/usr/share/texlive/texmf-dist/tex/latex/graphics/graphics.sty
Package: graphics 2017/06/25 v1.2c Standard LaTeX Graphics (DPC,SPQR)

(/usr/share/texlive/texmf-dist/tex/latex/graphics/trig.sty
Package: trig 2016/01/03 v1.10 sin cos tan (DPC)
)
(/usr/share/texlive/texmf-dist/tex/latex/graphics-cfg/graphics.cfg
File: graphics.cfg 2016/06/04 v1.11 sample graphics configuration
)
Package graphics Info: Driver file: pdftex.def on input line 99.
)
\Gin@req@height=\dimen105
\Gin@req@width=\dimen106
)
(/usr/share/texlive/texmf-dist/tex/latex/tools/tabularx.sty
Package: tabularx 2016/02/03 v2.11 `tabularx' package (DPC)
\TX@col@width=\dimen107
\TX@old@table=\dimen108
\TX@old@col=\dimen109
\TX@target=\dimen110
\TX@delta=\dimen111
\TX@cols=\count88
\TX@ftn=\toks17
)
(/usr/share/texlive/texmf-dist/tex/latex/float/float.sty
Package: float 2001/11/08 v1.3d Float enhancements (AL)
\c@float@type=\count89
\float@exts=\toks18
\float@box=\box26
\@float@everytoks=\toks19
\@floatcapt=\box27
)
(/usr/share/texlive/texmf-dist/tex/latex/multirow/multirow.sty
Package: multirow 2016/11/25 v2.2 Span multiple rows of a table
\multirow@colwidth=\skip55
\multirow@cntb=\count90
\multirow@dima=\skip56
\bigstrutjot=\dimen112
)
(/usr/share/texlive/texmf-dist/tex/latex/threeparttable/threeparttable.sty
Package: threeparttable 2003/06/13  v 3.0
\@tempboxb=\box28
)
(./main.aux)
\openout1 = `main.aux'.

LaTeX Font Info:    Checking defaults for OML/cmm/m/it on input line 69.
LaTeX Font Info:    ... okay on input line 69.
LaTeX Font Info:    Checking defaults for T1/cmr/m/n on input line 69.
LaTeX Font Info:    ... okay on input line 69.
LaTeX Font Info:    Checking defaults for OT1/cmr/m/n on input line 69.
LaTeX Font Info:    ... okay on input line 69.
LaTeX Font Info:    Checking defaults for OMS/cmsy/m/n on input line 69.
LaTeX Font Info:    ... okay on input line 69.
LaTeX Font Info:    Checking defaults for OMX/cmex/m/n on input line 69.
LaTeX Font Info:    ... okay on input line 69.
LaTeX Font Info:    Checking defaults for U/cmr/m/n on input line 69.
LaTeX Font Info:    ... okay on input line 69.
 (/usr/share/texlive/texmf-dist/tex/context/base/mkii/supp-pdf.mkii
[Loading MPS to PDF converter (version 2006.09.02).]
\scratchcounter=\count91
\scratchdimen=\dimen113
\scratchbox=\box29
\nofMPsegments=\count92
\nofMParguments=\count93
\everyMPshowfont=\toks20
\MPscratchCnt=\count94
\MPscratchDim=\dimen114
\MPnumerator=\count95
\makeMPintoPDFobject=\count96
\everyMPtoPDFconversion=\toks21
) (/usr/share/texlive/texmf-dist/tex/latex/oberdiek/epstopdf-base.sty
Package: epstopdf-base 2016/05/15 v2.6 Base part for package epstopdf

(/usr/share/texlive/texmf-dist/tex/generic/oberdiek/infwarerr.sty
Package: infwarerr 2016/05/16 v1.4 Providing info/warning/error messages (HO)
)
(/usr/share/texlive/texmf-dist/tex/latex/oberdiek/grfext.sty
Package: grfext 2016/05/16 v1.2 Manage graphics extensions (HO)

(/usr/share/texlive/texmf-dist/tex/generic/oberdiek/kvdefinekeys.sty
Package: kvdefinekeys 2016/05/16 v1.4 Define keys (HO)

(/usr/share/texlive/texmf-dist/tex/generic/oberdiek/ltxcmds.sty
Package: ltxcmds 2016/05/16 v1.23 LaTeX kernel commands for general use (HO)
)))
(/usr/share/texlive/texmf-dist/tex/latex/oberdiek/kvoptions.sty
Package: kvoptions 2016/05/16 v3.12 Key value format for package options (HO)

(/usr/share/texlive/texmf-dist/tex/generic/oberdiek/kvsetkeys.sty
Package: kvsetkeys 2016/05/16 v1.17 Key value parser (HO)

(/usr/share/texlive/texmf-dist/tex/generic/oberdiek/etexcmds.sty
Package: etexcmds 2016/05/16 v1.6 Avoid name clashes with e-TeX commands (HO)

(/usr/share/texlive/texmf-dist/tex/generic/oberdiek/ifluatex.sty
Package: ifluatex 2016/05/16 v1.4 Provides the ifluatex switch (HO)
Package ifluatex Info: LuaTeX not detected.
)
Package etexcmds Info: Could not find \expanded.
(etexcmds)             That can mean that you are not using pdfTeX 1.50 or
(etexcmds)             that some package has redefined \expanded.
(etexcmds)             In the latter case, load this package earlier.
)))
(/usr/share/texlive/texmf-dist/tex/generic/oberdiek/pdftexcmds.sty
Package: pdftexcmds 2018/01/21 v0.26 Utility functions of pdfTeX for LuaTeX (HO
)

(/usr/share/texlive/texmf-dist/tex/generic/oberdiek/ifpdf.sty
Package: ifpdf 2017/03/15 v3.2 Provides the ifpdf switch
)
Package pdftexcmds Info: LuaTeX not detected.
Package pdftexcmds Info: \pdf@primitive is available.
Package pdftexcmds Info: \pdf@ifprimitive is available.
Package pdftexcmds Info: \pdfdraftmode found.
)
Package epstopdf-base Info: Redefining graphics rule for `.eps' on input line 4
38.
Package grfext Info: Graphics extension search list:
(grfext)             [.pdf,.png,.jpg,.mps,.jpeg,.jbig2,.jb2,.PDF,.PNG,.JPG,.JPE
G,.JBIG2,.JB2,.eps]
(grfext)             \AppendGraphicsExtensions on input line 456.

(/usr/share/texlive/texmf-dist/tex/latex/latexconfig/epstopdf-sys.cfg
File: epstopdf-sys.cfg 2010/07/13 v1.3 Configuration of (r)epstopdf for TeX Liv
e
))
(../content/cover.tex)
<logo_ub_2021.png, id=1, 419.5675pt x 150.5625pt>
File: logo_ub_2021.png Graphic file (type png)
<use logo_ub_2021.png>
Package pdftex.def Info: logo_ub_2021.png  used on input line 72.
(pdftex.def)             Requested size: 62.9324pt x 22.58339pt.
 [1

{/var/lib/texmf/fonts/map/pdftex/updmap/pdftex.map} <./logo_ub_2021.png>] (../c
ontent/general_information.tex
Underfull \hbox (badness 10000) in paragraph at lines 3--8

 []


Underfull \hbox (badness 10000) in paragraph at lines 17--25

 []

)
File: logo_ub_2021.png Graphic file (type png)
<use logo_ub_2021.png>
Package pdftex.def Info: logo_ub_2021.png  used on input line 73.
(pdftex.def)             Requested size: 62.9324pt x 22.58339pt.
 [2] (../content/introduction.tex
Missing character: There is no ‚ in font cmr12!
Missing character: There is no Ä in font cmr12!
Missing character: There is no ô in font cmr12!
File: logo_ub_2021.png Graphic file (type png)
<use logo_ub_2021.png>
Package pdftex.def Info: logo_ub_2021.png  used on input line 17.
(pdftex.def)             Requested size: 62.9324pt x 22.58339pt.
 [3])
File: logo_ub_2021.png Graphic file (type png)
<use logo_ub_2021.png>
Package pdftex.def Info: logo_ub_2021.png  used on input line 74.
(pdftex.def)             Requested size: 62.9324pt x 22.58339pt.
 [4] (../content/state_of_the_art.tex
Missing character: There is no Ô in font cmr12!
Missing character: There is no ¨ in font cmr12!
Missing character: There is no Å in font cmr12!
Missing character: There is no Ô in font cmr12!
Missing character: There is no ¨ in font cmr12!
Missing character: There is no Å in font cmr12!
Missing character: There is no Ô in font cmr12!
Missing character: There is no ¨ in font cmr12!
Missing character: There is no Å in font cmr12!
File: logo_ub_2021.png Graphic file (type png)
<use logo_ub_2021.png>
Package pdftex.def Info: logo_ub_2021.png  used on input line 17.
(pdftex.def)             Requested size: 62.9324pt x 22.58339pt.

[5]
Missing character: There is no Ô in font cmr12!
Missing character: There is no ¨ in font cmr12!
Missing character: There is no Å in font cmr12!
Missing character: There is no √ in font cmr12!
Missing character: There is no ó in font cmr12!
Missing character: There is no Ô in font cmr12!
Missing character: There is no ¨ in font cmr12!
Missing character: There is no Å in font cmr12!
Missing character: There is no Ô in font cmr12!
Missing character: There is no ¨ in font cmr12!
Missing character: There is no Å in font cmr12!
Missing character: There is no √ in font cmr12!
Missing character: There is no ó in font cmr12!
Missing character: There is no √ in font cmr12!
Missing character: There is no ó in font cmr12!
Missing character: There is no √ in font cmr12!
Missing character: There is no ó in font cmr12!
Missing character: There is no Ô in font cmr12!
Missing character: There is no ¨ in font cmr12!
Missing character: There is no Å in font cmr12!
Missing character: There is no √ in font cmr12!
Missing character: There is no ó in font cmr12!
Missing character: There is no Ô in font cmr12!
Missing character: There is no ¨ in font cmr12!
Missing character: There is no Å in font cmr12!
File: logo_ub_2021.png Graphic file (type png)
<use logo_ub_2021.png>
Package pdftex.def Info: logo_ub_2021.png  used on input line 27.
(pdftex.def)             Requested size: 62.9324pt x 22.58339pt.
 [6]
Missing character: There is no Ô in font cmr12!
Missing character: There is no ¨ in font cmr12!
Missing character: There is no Å in font cmr12!
Missing character: There is no Ô in font cmr12!
Missing character: There is no ¨ in font cmr12!
Missing character: There is no Å in font cmr12!
Missing character: There is no Ô in font cmr12!
Missing character: There is no ¨ in font cmr12!
Missing character: There is no Å in font cmr12!
Missing character: There is no Ô in font cmr12!
Missing character: There is no ¨ in font cmr12!
Missing character: There is no Å in font cmr12!
LaTeX Font Info:    External font `cmex10' loaded for size
(Font)              <12> on input line 32.
LaTeX Font Info:    External font `cmex10' loaded for size
(Font)              <8> on input line 32.
LaTeX Font Info:    External font `cmex10' loaded for size
(Font)              <6> on input line 32.
)
File: logo_ub_2021.png Graphic file (type png)
<use logo_ub_2021.png>
Package pdftex.def Info: logo_ub_2021.png  used on input line 75.
(pdftex.def)             Requested size: 62.9324pt x 22.58339pt.
 [7] (../content/research_goals.tex)
File: logo_ub_2021.png Graphic file (type png)
<use logo_ub_2021.png>
Package pdftex.def Info: logo_ub_2021.png  used on input line 76.
(pdftex.def)             Requested size: 62.9324pt x 22.58339pt.
 [8] (../content/project_plan.tex
Underfull \hbox (badness 1102) in paragraph at lines 32--32
[]|\OT1/cmr/m/n/12 Outcome: Im-proved FPGA pro-to-type that
 []

)
File: logo_ub_2021.png Graphic file (type png)
<use logo_ub_2021.png>
Package pdftex.def Info: logo_ub_2021.png  used on input line 77.
(pdftex.def)             Requested size: 62.9324pt x 22.58339pt.
 [9]
File: logo_ub_2021.png Graphic file (type png)
<use logo_ub_2021.png>
Package pdftex.def Info: logo_ub_2021.png  used on input line 77.
(pdftex.def)             Requested size: 62.9324pt x 22.58339pt.
 [10] (./main.bbl
Missing character: There is no – in font cmr12!
Missing character: There is no – in font cmti12!
Missing character: There is no ≠ in font cmti12!
Missing character: There is no – in font cmti12!
Missing character: There is no ª in font cmti12!
Missing character: There is no – in font cmti12!
Missing character: There is no µ in font cmti12!
Missing character: There is no – in font cmti12!
Missing character: There is no ∫ in font cmti12!
Missing character: There is no — in font cmti12!
Missing character: There is no Ç in font cmti12!
Missing character: There is no — in font cmti12!
Missing character: There is no Ä in font cmti12!
Missing character: There is no – in font cmti12!
Missing character: There is no æ in font cmti12!
Missing character: There is no – in font cmti12!
Missing character: There is no Ω in font cmti12!
Missing character: There is no – in font cmti12!
Missing character: There is no Ω in font cmti12!
Missing character: There is no — in font cmti12!
Missing character: There is no ã in font cmti12!
Missing character: There is no – in font cmti12!
Missing character: There is no π in font cmti12!
Missing character: There is no — in font cmti12!
Missing character: There is no Ä in font cmti12!
Missing character: There is no – in font cmti12!
Missing character: There is no µ in font cmti12!
Missing character: There is no — in font cmti12!
Missing character: There is no Å in font cmti12!
Missing character: There is no — in font cmti12!
Missing character: There is no É in font cmti12!
Missing character: There is no — in font cmti12!
Missing character: There is no Ä in font cmti12!
Missing character: There is no — in font cmti12!
Missing character: There is no Å in font cmti12!
Missing character: There is no – in font cmti12!
Missing character: There is no ¥ in font cmti12!
Missing character: There is no – in font cmti12!
Missing character: There is no ∞ in font cmti12!
Missing character: There is no — in font cmti12!
Missing character: There is no Ç in font cmti12!
Missing character: There is no – in font cmti12!
Missing character: There is no ∞ in font cmti12!
Missing character: There is no – in font cmti12!
Missing character: There is no æ in font cmti12!
Missing character: There is no – in font cmti12!
Missing character: There is no ± in font cmti12!
Missing character: There is no — in font cmti12!
Missing character: There is no Ä in font cmti12!
Missing character: There is no – in font cmti12!
Missing character: There is no ∞ in font cmti12!
Missing character: There is no — in font cmti12!
Missing character: There is no â in font cmti12!
Missing character: There is no – in font cmti12!
Missing character: There is no µ in font cmti12!
Missing character: There is no – in font cmti12!
Missing character: There is no Ω in font cmti12!
Missing character: There is no – in font cmti12!
Missing character: There is no ∏ in font cmti12!
Missing character: There is no — in font cmti12!
Missing character: There is no è in font cmti12!

Underfull \hbox (badness 7704) in paragraph at lines 72--77
[]\OT1/cmr/m/n/12 . Cisco, ``Fog com-put-ing and the in-ter-net of things: ex-t
end the
 []


Underfull \hbox (badness 10000) in paragraph at lines 72--77
\OT1/cmr/m/n/12 cloud to where the things are,''  \OT1/cmr/m/it/12 ]. URL: http
s://www. cisco.
 []

File: logo_ub_2021.png Graphic file (type png)
<use logo_ub_2021.png>
Package pdftex.def Info: logo_ub_2021.png  used on input line 89.
(pdftex.def)             Requested size: 62.9324pt x 22.58339pt.
[11])
File: logo_ub_2021.png Graphic file (type png)
<use logo_ub_2021.png>
Package pdftex.def Info: logo_ub_2021.png  used on input line 81.
(pdftex.def)             Requested size: 62.9324pt x 22.58339pt.
 [12] (./main.aux) ) 
Here is how much of TeX's memory you used:
 2460 strings out of 492982
 33355 string characters out of 6134896
 102559 words of memory out of 5000000
 5975 multiletter control sequences out of 15000+600000
 8241 words of font info for 29 fonts, out of 8000000 for 9000
 1141 hyphenation exceptions out of 8191
 41i,15n,43p,1182b,403s stack positions out of 5000i,500n,10000p,200000b,80000s
</usr/share/texlive/texmf-dist/fonts/type1/public/amsfonts/
cm/cmbx12.pfb></usr/share/texlive/texmf-dist/fonts/type1/public/amsfonts/cm/cmr
12.pfb></usr/share/texlive/texmf-dist/fonts/type1/public/amsfonts/cm/cmti12.pfb
>
Output written on main.pdf (12 pages, 87040 bytes).
PDF statistics:
 58 PDF objects out of 1000 (max. 8388607)
 38 compressed objects within 1 object stream
 0 named destinations out of 1000 (max. 500000)
 6 words of extra memory for PDF output out of 10000 (max. 10000000)

