This is pdfTeX, Version 3.14159265-2.6-1.40.20 (TeX Live 2019/Debian) (preloaded format=pdflatex 2022.3.3)  18 MAY 2022 19:41
entering extended mode
 restricted \write18 enabled.
 %&-line parsing enabled.
**main.tex
(./main.tex
LaTeX2e <2020-02-02> patch level 2
L3 programming layer <2020-02-14>
(/usr/share/texlive/texmf-dist/tex/latex/base/article.cls
Document Class: article 2019/12/20 v1.4l Standard LaTeX document class
(/usr/share/texlive/texmf-dist/tex/latex/base/size12.clo
File: size12.clo 2019/12/20 v1.4l Standard LaTeX file (size option)
)
\c@part=\count167
\c@section=\count168
\c@subsection=\count169
\c@subsubsection=\count170
\c@paragraph=\count171
\c@subparagraph=\count172
\c@figure=\count173
\c@table=\count174
\abovecaptionskip=\skip47
\belowcaptionskip=\skip48
\bibindent=\dimen134
)
(/usr/share/texlive/texmf-dist/tex/latex/fancyhdr/fancyhdr.sty
Package: fancyhdr 2019/01/31 v3.10 Extensive control of page headers and footer
s
\f@nch@headwidth=\skip49
\f@nch@O@elh=\skip50
\f@nch@O@erh=\skip51
\f@nch@O@olh=\skip52
\f@nch@O@orh=\skip53
\f@nch@O@elf=\skip54
\f@nch@O@erf=\skip55
\f@nch@O@olf=\skip56
\f@nch@O@orf=\skip57
)
(/usr/share/texlive/texmf-dist/tex/latex/xcolor/xcolor.sty
Package: xcolor 2016/05/11 v2.12 LaTeX color extensions (UK)

(/usr/share/texlive/texmf-dist/tex/latex/graphics-cfg/color.cfg
File: color.cfg 2016/01/02 v1.6 sample color configuration
)
Package xcolor Info: Driver file: pdftex.def on input line 225.

(/usr/share/texlive/texmf-dist/tex/latex/graphics-def/pdftex.def
File: pdftex.def 2018/01/08 v1.0l Graphics/color driver for pdftex
)
(/usr/share/texlive/texmf-dist/tex/latex/colortbl/colortbl.sty
Package: colortbl 2020/01/04 v1.0e Color table columns (DPC)

(/usr/share/texlive/texmf-dist/tex/latex/tools/array.sty
Package: array 2019/08/31 v2.4l Tabular extension package (FMi)
\col@sep=\dimen135
\ar@mcellbox=\box45
\extrarowheight=\dimen136
\NC@list=\toks14
\extratabsurround=\skip58
\backup@length=\skip59
\ar@cellbox=\box46
)
\everycr=\toks15
\minrowclearance=\skip60
)
\rownum=\count175
Package xcolor Info: Model `cmy' substituted by `cmy0' on input line 1348.
Package xcolor Info: Model `hsb' substituted by `rgb' on input line 1352.
Package xcolor Info: Model `RGB' extended on input line 1364.
Package xcolor Info: Model `HTML' substituted by `rgb' on input line 1366.
Package xcolor Info: Model `Hsb' substituted by `hsb' on input line 1367.
Package xcolor Info: Model `tHsb' substituted by `hsb' on input line 1368.
Package xcolor Info: Model `HSB' substituted by `hsb' on input line 1369.
Package xcolor Info: Model `Gray' substituted by `gray' on input line 1370.
Package xcolor Info: Model `wave' substituted by `hsb' on input line 1371.
)
(/usr/share/texlive/texmf-dist/tex/latex/setspace/setspace.sty
Package: setspace 2011/12/19 v6.7a set line spacing
)
(/usr/share/texlive/texmf-dist/tex/latex/graphics/graphicx.sty
Package: graphicx 2019/11/30 v1.2a Enhanced LaTeX Graphics (DPC,SPQR)

(/usr/share/texlive/texmf-dist/tex/latex/graphics/keyval.sty
Package: keyval 2014/10/28 v1.15 key=value parser (DPC)
\KV@toks@=\toks16
)
(/usr/share/texlive/texmf-dist/tex/latex/graphics/graphics.sty
Package: graphics 2019/11/30 v1.4a Standard LaTeX Graphics (DPC,SPQR)

(/usr/share/texlive/texmf-dist/tex/latex/graphics/trig.sty
Package: trig 2016/01/03 v1.10 sin cos tan (DPC)
)
(/usr/share/texlive/texmf-dist/tex/latex/graphics-cfg/graphics.cfg
File: graphics.cfg 2016/06/04 v1.11 sample graphics configuration
)
Package graphics Info: Driver file: pdftex.def on input line 105.
)
\Gin@req@height=\dimen137
\Gin@req@width=\dimen138
)
(/usr/share/texlive/texmf-dist/tex/latex/tools/tabularx.sty
Package: tabularx 2020/01/15 v2.11c `tabularx' package (DPC)
\TX@col@width=\dimen139
\TX@old@table=\dimen140
\TX@old@col=\dimen141
\TX@target=\dimen142
\TX@delta=\dimen143
\TX@cols=\count176
\TX@ftn=\toks17
)
(/usr/share/texlive/texmf-dist/tex/latex/float/float.sty
Package: float 2001/11/08 v1.3d Float enhancements (AL)
\c@float@type=\count177
\float@exts=\toks18
\float@box=\box47
\@float@everytoks=\toks19
\@floatcapt=\box48
)
(/usr/share/texlive/texmf-dist/tex/latex/multirow/multirow.sty
Package: multirow 2019/05/31 v2.5 Span multiple rows of a table
\multirow@colwidth=\skip61
\multirow@cntb=\count178
\multirow@dima=\skip62
\bigstrutjot=\dimen144
)
(/usr/share/texlive/texmf-dist/tex/latex/threeparttable/threeparttable.sty
Package: threeparttable 2003/06/13  v 3.0
\@tempboxb=\box49
)
(/usr/share/texlive/texmf-dist/tex/latex/tools/longtable.sty
Package: longtable 2020/01/07 v4.13 Multi-page Table package (DPC)
\LTleft=\skip63
\LTright=\skip64
\LTpre=\skip65
\LTpost=\skip66
\LTchunksize=\count179
\LTcapwidth=\dimen145
\LT@head=\box50
\LT@firsthead=\box51
\LT@foot=\box52
\LT@lastfoot=\box53
\LT@cols=\count180
\LT@rows=\count181
\c@LT@tables=\count182
\c@LT@chunks=\count183
\LT@p@ftn=\toks20
)
(/usr/share/texlive/texmf-dist/tex/latex/l3backend/l3backend-pdfmode.def
File: l3backend-pdfmode.def 2020-02-03 L3 backend support: PDF mode
\l__kernel_color_stack_int=\count184
\l__pdf_internal_box=\box54
)
(./main.aux)
\openout1 = `main.aux'.

LaTeX Font Info:    Checking defaults for OML/cmm/m/it on input line 67.
LaTeX Font Info:    ... okay on input line 67.
LaTeX Font Info:    Checking defaults for OMS/cmsy/m/n on input line 67.
LaTeX Font Info:    ... okay on input line 67.
LaTeX Font Info:    Checking defaults for OT1/cmr/m/n on input line 67.
LaTeX Font Info:    ... okay on input line 67.
LaTeX Font Info:    Checking defaults for T1/cmr/m/n on input line 67.
LaTeX Font Info:    ... okay on input line 67.
LaTeX Font Info:    Checking defaults for TS1/cmr/m/n on input line 67.
LaTeX Font Info:    ... okay on input line 67.
LaTeX Font Info:    Checking defaults for OMX/cmex/m/n on input line 67.
LaTeX Font Info:    ... okay on input line 67.
LaTeX Font Info:    Checking defaults for U/cmr/m/n on input line 67.
LaTeX Font Info:    ... okay on input line 67.
 (/usr/share/texlive/texmf-dist/tex/context/base/mkii/supp-pdf.mkii
[Loading MPS to PDF converter (version 2006.09.02).]
\scratchcounter=\count185
\scratchdimen=\dimen146
\scratchbox=\box55
\nofMPsegments=\count186
\nofMParguments=\count187
\everyMPshowfont=\toks21
\MPscratchCnt=\count188
\MPscratchDim=\dimen147
\MPnumerator=\count189
\makeMPintoPDFobject=\count190
\everyMPtoPDFconversion=\toks22
) (/usr/share/texlive/texmf-dist/tex/latex/epstopdf-pkg/epstopdf-base.sty
Package: epstopdf-base 2020-01-24 v2.11 Base part for package epstopdf
Package epstopdf-base Info: Redefining graphics rule for `.eps' on input line 4
85.

(/usr/share/texlive/texmf-dist/tex/latex/latexconfig/epstopdf-sys.cfg
File: epstopdf-sys.cfg 2010/07/13 v1.3 Configuration of (r)epstopdf for TeX Liv
e
))
(../content/cover.tex)
<logo_ub_2021.png, id=1, 419.5675pt x 150.5625pt>
File: logo_ub_2021.png Graphic file (type png)
<use logo_ub_2021.png>
Package pdftex.def Info: logo_ub_2021.png  used on input line 70.
(pdftex.def)             Requested size: 62.9324pt x 22.58339pt.
 [1

{/var/lib/texmf/fonts/map/pdftex/updmap/pdftex.map} <./logo_ub_2021.png>] (../c
ontent/general_information.tex
Underfull \hbox (badness 10000) in paragraph at lines 3--8

 []


Underfull \hbox (badness 10000) in paragraph at lines 17--25

 []

)
File: logo_ub_2021.png Graphic file (type png)
<use logo_ub_2021.png>
Package pdftex.def Info: logo_ub_2021.png  used on input line 71.
(pdftex.def)             Requested size: 62.9324pt x 22.58339pt.
 [2] (../content/abstract.tex
Overfull \hbox (7.73344pt too wide) in paragraph at lines 7--8
[]\OT1/cmr/m/n/10.95 To sus-tain the con-tin-u-ous ex-pan-sion of ML ap-pli-ca-
tions on resource-constrained
 []

)
File: logo_ub_2021.png Graphic file (type png)
<use logo_ub_2021.png>
Package pdftex.def Info: logo_ub_2021.png  used on input line 73.
(pdftex.def)             Requested size: 62.9324pt x 22.58339pt.
 [3] (./main.toc
LaTeX Font Info:    External font `cmex10' loaded for size
(Font)              <12> on input line 2.
LaTeX Font Info:    External font `cmex10' loaded for size
(Font)              <8> on input line 2.
LaTeX Font Info:    External font `cmex10' loaded for size
(Font)              <6> on input line 2.
)
\tf@toc=\write3
\openout3 = `main.toc'.

File: logo_ub_2021.png Graphic file (type png)
<use logo_ub_2021.png>
Package pdftex.def Info: logo_ub_2021.png  used on input line 75.
(pdftex.def)             Requested size: 62.9324pt x 22.58339pt.
 [4] (../content/introduction.tex
File: logo_ub_2021.png Graphic file (type png)
<use logo_ub_2021.png>
Package pdftex.def Info: logo_ub_2021.png  used on input line 16.
(pdftex.def)             Requested size: 62.9324pt x 22.58339pt.
 [5]
File: logo_ub_2021.png Graphic file (type png)
<use logo_ub_2021.png>
Package pdftex.def Info: logo_ub_2021.png  used on input line 29.
(pdftex.def)             Requested size: 62.9324pt x 22.58339pt.
 [6]
File: logo_ub_2021.png Graphic file (type png)
<use logo_ub_2021.png>
Package pdftex.def Info: logo_ub_2021.png  used on input line 50.
(pdftex.def)             Requested size: 62.9324pt x 22.58339pt.
 [7])
(../content/state_of_the_art.tex
File: logo_ub_2021.png Graphic file (type png)
<use logo_ub_2021.png>
Package pdftex.def Info: logo_ub_2021.png  used on input line 9.
(pdftex.def)             Requested size: 62.9324pt x 22.58339pt.
 [8]
File: logo_ub_2021.png Graphic file (type png)
<use logo_ub_2021.png>
Package pdftex.def Info: logo_ub_2021.png  used on input line 19.
(pdftex.def)             Requested size: 62.9324pt x 22.58339pt.
 [9]) (../content/research_goals.tex
File: logo_ub_2021.png Graphic file (type png)
<use logo_ub_2021.png>
Package pdftex.def Info: logo_ub_2021.png  used on input line 4.
(pdftex.def)             Requested size: 62.9324pt x 22.58339pt.

[10]) (../content/project_plan.tex
File: logo_ub_2021.png Graphic file (type png)
<use logo_ub_2021.png>
Package pdftex.def Info: logo_ub_2021.png  used on input line 23.
(pdftex.def)             Requested size: 62.9324pt x 22.58339pt.
 [11]
Underfull \vbox (badness 10000) detected at line 51
 []

File: logo_ub_2021.png Graphic file (type png)
<use logo_ub_2021.png>
Package pdftex.def Info: logo_ub_2021.png  used on input line 51.
(pdftex.def)             Requested size: 62.9324pt x 22.58339pt.
[12]) (./main.bbl
File: logo_ub_2021.png Graphic file (type png)
<use logo_ub_2021.png>
Package pdftex.def Info: logo_ub_2021.png  used on input line 68.
(pdftex.def)             Requested size: 62.9324pt x 22.58339pt.
 [13]
File: logo_ub_2021.png Graphic file (type png)
<use logo_ub_2021.png>
Package pdftex.def Info: logo_ub_2021.png  used on input line 129.
(pdftex.def)             Requested size: 62.9324pt x 22.58339pt.
 [14]
File: logo_ub_2021.png Graphic file (type png)
<use logo_ub_2021.png>
Package pdftex.def Info: logo_ub_2021.png  used on input line 193.
(pdftex.def)             Requested size: 62.9324pt x 22.58339pt.
 [15]
File: logo_ub_2021.png Graphic file (type png)
<use logo_ub_2021.png>
Package pdftex.def Info: logo_ub_2021.png  used on input line 255.
(pdftex.def)             Requested size: 62.9324pt x 22.58339pt.
 [16]
Underfull \hbox (badness 3364) in paragraph at lines 268--273
[]\OT1/cmr/m/n/12 S. Venkatara-mani, A. Ran-jan, K. Roy, and A. Raghu-nathan, `
`Axnn:
 []

File: logo_ub_2021.png Graphic file (type png)
<use logo_ub_2021.png>
Package pdftex.def Info: logo_ub_2021.png  used on input line 318.
(pdftex.def)             Requested size: 62.9324pt x 22.58339pt.
[17])
File: logo_ub_2021.png Graphic file (type png)
<use logo_ub_2021.png>
Package pdftex.def Info: logo_ub_2021.png  used on input line 83.
(pdftex.def)             Requested size: 62.9324pt x 22.58339pt.
 [18] (./main.aux) ) 
Here is how much of TeX's memory you used:
 2334 strings out of 481239
 31994 string characters out of 5920378
 282876 words of memory out of 5000000
 17571 multiletter control sequences out of 15000+600000
 537547 words of font info for 41 fonts, out of 8000000 for 9000
 1141 hyphenation exceptions out of 8191
 32i,15n,45p,1672b,402s stack positions out of 5000i,500n,10000p,200000b,80000s
</usr/share/texlive/texmf-dist/fonts/type1/public/amsfonts/
cm/cmbx10.pfb></usr/share/texlive/texmf-dist/fonts/type1/public/amsfonts/cm/cmb
x12.pfb></usr/share/texlive/texmf-dist/fonts/type1/public/amsfonts/cm/cmr10.pfb
></usr/share/texlive/texmf-dist/fonts/type1/public/amsfonts/cm/cmr12.pfb></usr/
share/texlive/texmf-dist/fonts/type1/public/amsfonts/cm/cmsy10.pfb></usr/share/
texlive/texmf-dist/fonts/type1/public/amsfonts/cm/cmti12.pfb>
Output written on main.pdf (18 pages, 145011 bytes).
PDF statistics:
 89 PDF objects out of 1000 (max. 8388607)
 60 compressed objects within 1 object stream
 0 named destinations out of 1000 (max. 500000)
 6 words of extra memory for PDF output out of 10000 (max. 10000000)

